Mock Version: 2.14
ENTER ['do_with_status'](['bash', '--login', '-c', '/usr/bin/rpmbuild -bs --target x86_64 --nodeps /builddir/build/SPECS/cookbook-rb-nmsp.spec'], chrootPath='/var/lib/mock/sdk7/root'env={'TERM': 'vt100', 'SHELL': '/bin/bash', 'HOME': '/builddir', 'HOSTNAME': 'mock', 'PATH': '/usr/bin:/bin:/usr/sbin:/sbin', 'PROMPT_COMMAND': 'printf "\\033]0;<mock-chroot>\\007"', 'PS1': '<mock-chroot> \\s-\\v\\$ ', 'LANG': 'C.UTF-8'}shell=Falselogger=<mockbuild.trace_decorator.getLog object at 0x7ff655a07eb8>timeout=0uid=0gid=135user='mockbuild'nspawn_args=['--capability=cap_ipc_lock', '--bind=/dev/btrfs-control', '--bind=/dev/loop-control', '--bind=/dev/loop0', '--bind=/dev/loop1', '--bind=/dev/loop2', '--bind=/dev/loop3', '--bind=/dev/loop4', '--bind=/dev/loop5', '--bind=/dev/loop6', '--bind=/dev/loop7', '--bind=/dev/loop8', '--bind=/dev/loop9', '--bind=/dev/loop10', '--bind=/dev/loop11']unshare_net=FalseprintOutput=True)
Using nspawn with args ['--capability=cap_ipc_lock', '--bind=/dev/btrfs-control', '--bind=/dev/loop-control', '--bind=/dev/loop0', '--bind=/dev/loop1', '--bind=/dev/loop2', '--bind=/dev/loop3', '--bind=/dev/loop4', '--bind=/dev/loop5', '--bind=/dev/loop6', '--bind=/dev/loop7', '--bind=/dev/loop8', '--bind=/dev/loop9', '--bind=/dev/loop10', '--bind=/dev/loop11']
Executing command: ['/usr/bin/systemd-nspawn', '-q', '-M', '9bd39e8084b64495afb76ed0daa80981', '-D', '/var/lib/mock/sdk7/root', '-u', 'mockbuild', '--capability=cap_ipc_lock', '--bind=/dev/btrfs-control', '--bind=/dev/loop-control', '--bind=/dev/loop0', '--bind=/dev/loop1', '--bind=/dev/loop2', '--bind=/dev/loop3', '--bind=/dev/loop4', '--bind=/dev/loop5', '--bind=/dev/loop6', '--bind=/dev/loop7', '--bind=/dev/loop8', '--bind=/dev/loop9', '--bind=/dev/loop10', '--bind=/dev/loop11', '--setenv=TERM=vt100', '--setenv=SHELL=/bin/bash', '--setenv=HOME=/builddir', '--setenv=HOSTNAME=mock', '--setenv=PATH=/usr/bin:/bin:/usr/sbin:/sbin', '--setenv=PROMPT_COMMAND=printf "\\033]0;<mock-chroot>\\007"', '--setenv=PS1=<mock-chroot> \\s-\\v\\$ ', '--setenv=LANG=C.UTF-8', 'bash', '--login', '-c', '/usr/bin/rpmbuild -bs --target x86_64 --nodeps /builddir/build/SPECS/cookbook-rb-nmsp.spec'] with env {'TERM': 'vt100', 'SHELL': '/bin/bash', 'HOME': '/builddir', 'HOSTNAME': 'mock', 'PATH': '/usr/bin:/bin:/usr/sbin:/sbin', 'PROMPT_COMMAND': 'printf "\\033]0;<mock-chroot>\\007"', 'PS1': '<mock-chroot> \\s-\\v\\$ ', 'LANG': 'C.UTF-8', 'SYSTEMD_NSPAWN_TMPFS_TMP': '0'} and shell False
Failed to create directory /var/lib/mock/sdk7/root//sys/fs/selinux: Read-only file system
Failed to create directory /var/lib/mock/sdk7/root//sys/fs/selinux: Read-only file system
warning: bogus date in %changelog: Fri Dec 15 2021 Eduardo Reyes <eareyes@redborder.com>- 0.0.1
Building target platforms: x86_64
Building for target x86_64
Wrote: /builddir/build/SRPMS/cookbook-rb-nmsp-0.0.1-1.el7.rb.src.rpm
Child return code was: 0
Mock Version: 2.14
ENTER ['do_with_status'](['bash', '--login', '-c', '/usr/bin/rpmbuild -bs --target x86_64 --nodeps /builddir/build/SPECS/cookbook-rb-nmsp.spec'], chrootPath='/var/lib/mock/sdk7/root'env={'TERM': 'vt100', 'SHELL': '/bin/bash', 'HOME': '/builddir', 'HOSTNAME': 'mock', 'PATH': '/usr/bin:/bin:/usr/sbin:/sbin', 'PROMPT_COMMAND': 'printf "\\033]0;<mock-chroot>\\007"', 'PS1': '<mock-chroot> \\s-\\v\\$ ', 'LANG': 'C.UTF-8'}shell=Falselogger=<mockbuild.trace_decorator.getLog object at 0x7f9032c66e48>timeout=0uid=0gid=135user='mockbuild'nspawn_args=['--capability=cap_ipc_lock', '--bind=/dev/btrfs-control', '--bind=/dev/loop-control', '--bind=/dev/loop0', '--bind=/dev/loop1', '--bind=/dev/loop2', '--bind=/dev/loop3', '--bind=/dev/loop4', '--bind=/dev/loop5', '--bind=/dev/loop6', '--bind=/dev/loop7', '--bind=/dev/loop8', '--bind=/dev/loop9', '--bind=/dev/loop10', '--bind=/dev/loop11']unshare_net=FalseprintOutput=True)
Using nspawn with args ['--capability=cap_ipc_lock', '--bind=/dev/btrfs-control', '--bind=/dev/loop-control', '--bind=/dev/loop0', '--bind=/dev/loop1', '--bind=/dev/loop2', '--bind=/dev/loop3', '--bind=/dev/loop4', '--bind=/dev/loop5', '--bind=/dev/loop6', '--bind=/dev/loop7', '--bind=/dev/loop8', '--bind=/dev/loop9', '--bind=/dev/loop10', '--bind=/dev/loop11']
Executing command: ['/usr/bin/systemd-nspawn', '-q', '-M', '4b6ac85a25e641ec872c9aa4a57a3fee', '-D', '/var/lib/mock/sdk7/root', '-u', 'mockbuild', '--capability=cap_ipc_lock', '--bind=/dev/btrfs-control', '--bind=/dev/loop-control', '--bind=/dev/loop0', '--bind=/dev/loop1', '--bind=/dev/loop2', '--bind=/dev/loop3', '--bind=/dev/loop4', '--bind=/dev/loop5', '--bind=/dev/loop6', '--bind=/dev/loop7', '--bind=/dev/loop8', '--bind=/dev/loop9', '--bind=/dev/loop10', '--bind=/dev/loop11', '--setenv=TERM=vt100', '--setenv=SHELL=/bin/bash', '--setenv=HOME=/builddir', '--setenv=HOSTNAME=mock', '--setenv=PATH=/usr/bin:/bin:/usr/sbin:/sbin', '--setenv=PROMPT_COMMAND=printf "\\033]0;<mock-chroot>\\007"', '--setenv=PS1=<mock-chroot> \\s-\\v\\$ ', '--setenv=LANG=C.UTF-8', 'bash', '--login', '-c', '/usr/bin/rpmbuild -bs --target x86_64 --nodeps /builddir/build/SPECS/cookbook-rb-nmsp.spec'] with env {'TERM': 'vt100', 'SHELL': '/bin/bash', 'HOME': '/builddir', 'HOSTNAME': 'mock', 'PATH': '/usr/bin:/bin:/usr/sbin:/sbin', 'PROMPT_COMMAND': 'printf "\\033]0;<mock-chroot>\\007"', 'PS1': '<mock-chroot> \\s-\\v\\$ ', 'LANG': 'C.UTF-8', 'SYSTEMD_NSPAWN_TMPFS_TMP': '0'} and shell False
Failed to create directory /var/lib/mock/sdk7/root//sys/fs/selinux: Read-only file system
Failed to create directory /var/lib/mock/sdk7/root//sys/fs/selinux: Read-only file system
warning: bogus date in %changelog: Fri Dec 15 2021 Eduardo Reyes <eareyes@redborder.com>- 0.0.1
Building target platforms: x86_64
Building for target x86_64
Wrote: /builddir/build/SRPMS/cookbook-rb-nmsp-0.0.1-1.el7.rb.src.rpm
Child return code was: 0
ENTER ['do_with_status'](['bash', '--login', '-c', '/usr/bin/rpmbuild -bb --target x86_64 --nodeps /builddir/build/SPECS/cookbook-rb-nmsp.spec'], chrootPath='/var/lib/mock/sdk7/root'env={'TERM': 'vt100', 'SHELL': '/bin/bash', 'HOME': '/builddir', 'HOSTNAME': 'mock', 'PATH': '/usr/bin:/bin:/usr/sbin:/sbin', 'PROMPT_COMMAND': 'printf "\\033]0;<mock-chroot>\\007"', 'PS1': '<mock-chroot> \\s-\\v\\$ ', 'LANG': 'C.UTF-8'}shell=Falselogger=<mockbuild.trace_decorator.getLog object at 0x7f9032c66e48>timeout=0uid=0gid=135user='mockbuild'nspawn_args=['--capability=cap_ipc_lock', '--bind=/dev/btrfs-control', '--bind=/dev/loop-control', '--bind=/dev/loop0', '--bind=/dev/loop1', '--bind=/dev/loop2', '--bind=/dev/loop3', '--bind=/dev/loop4', '--bind=/dev/loop5', '--bind=/dev/loop6', '--bind=/dev/loop7', '--bind=/dev/loop8', '--bind=/dev/loop9', '--bind=/dev/loop10', '--bind=/dev/loop11']unshare_net=FalseprintOutput=True)
Using nspawn with args ['--capability=cap_ipc_lock', '--bind=/dev/btrfs-control', '--bind=/dev/loop-control', '--bind=/dev/loop0', '--bind=/dev/loop1', '--bind=/dev/loop2', '--bind=/dev/loop3', '--bind=/dev/loop4', '--bind=/dev/loop5', '--bind=/dev/loop6', '--bind=/dev/loop7', '--bind=/dev/loop8', '--bind=/dev/loop9', '--bind=/dev/loop10', '--bind=/dev/loop11']
Executing command: ['/usr/bin/systemd-nspawn', '-q', '-M', '3f46af3523ec4b0988790cf9b05ce9d8', '-D', '/var/lib/mock/sdk7/root', '-u', 'mockbuild', '--capability=cap_ipc_lock', '--bind=/dev/btrfs-control', '--bind=/dev/loop-control', '--bind=/dev/loop0', '--bind=/dev/loop1', '--bind=/dev/loop2', '--bind=/dev/loop3', '--bind=/dev/loop4', '--bind=/dev/loop5', '--bind=/dev/loop6', '--bind=/dev/loop7', '--bind=/dev/loop8', '--bind=/dev/loop9', '--bind=/dev/loop10', '--bind=/dev/loop11', '--setenv=TERM=vt100', '--setenv=SHELL=/bin/bash', '--setenv=HOME=/builddir', '--setenv=HOSTNAME=mock', '--setenv=PATH=/usr/bin:/bin:/usr/sbin:/sbin', '--setenv=PROMPT_COMMAND=printf "\\033]0;<mock-chroot>\\007"', '--setenv=PS1=<mock-chroot> \\s-\\v\\$ ', '--setenv=LANG=C.UTF-8', 'bash', '--login', '-c', '/usr/bin/rpmbuild -bb --target x86_64 --nodeps /builddir/build/SPECS/cookbook-rb-nmsp.spec'] with env {'TERM': 'vt100', 'SHELL': '/bin/bash', 'HOME': '/builddir', 'HOSTNAME': 'mock', 'PATH': '/usr/bin:/bin:/usr/sbin:/sbin', 'PROMPT_COMMAND': 'printf "\\033]0;<mock-chroot>\\007"', 'PS1': '<mock-chroot> \\s-\\v\\$ ', 'LANG': 'C.UTF-8', 'SYSTEMD_NSPAWN_TMPFS_TMP': '0'} and shell False
Failed to create directory /var/lib/mock/sdk7/root//sys/fs/selinux: Read-only file system
Failed to create directory /var/lib/mock/sdk7/root//sys/fs/selinux: Read-only file system
warning: bogus date in %changelog: Fri Dec 15 2021 Eduardo Reyes <eareyes@redborder.com>- 0.0.1
Building target platforms: x86_64
Building for target x86_64
Executing(%prep): /bin/sh -e /var/tmp/rpm-tmp.cL8TzX
+ umask 022
+ cd /builddir/build/BUILD
+ cd /builddir/build/BUILD
+ rm -rf cookbook-rb-nmsp-0.0.1
+ /usr/bin/gzip -dc /builddir/build/SOURCES/cookbook-rb-nmsp-0.0.1.tar.gz
+ /usr/bin/tar -xf -
+ STATUS=0
+ '[' 0 -ne 0 ']'
+ cd cookbook-rb-nmsp-0.0.1
+ /usr/bin/chmod -Rf a+rX,u+w,g-w,o-w .
+ exit 0
Executing(%build): /bin/sh -e /var/tmp/rpm-tmp.LGEBNa
+ umask 022
+ cd /builddir/build/BUILD
+ cd cookbook-rb-nmsp-0.0.1
+ exit 0
Executing(%install): /bin/sh -e /var/tmp/rpm-tmp.2KSD1n
+ umask 022
+ cd /builddir/build/BUILD
+ '[' /builddir/build/BUILDROOT/cookbook-rb-nmsp-0.0.1-1.el7.rb.x86_64 '!=' / ']'
+ rm -rf /builddir/build/BUILDROOT/cookbook-rb-nmsp-0.0.1-1.el7.rb.x86_64
++ dirname /builddir/build/BUILDROOT/cookbook-rb-nmsp-0.0.1-1.el7.rb.x86_64
+ mkdir -p /builddir/build/BUILDROOT
+ mkdir /builddir/build/BUILDROOT/cookbook-rb-nmsp-0.0.1-1.el7.rb.x86_64
+ cd cookbook-rb-nmsp-0.0.1
+ mkdir -p /builddir/build/BUILDROOT/cookbook-rb-nmsp-0.0.1-1.el7.rb.x86_64/var/chef/cookbooks/rb-nmsp
+ mkdir -p /builddir/build/BUILDROOT/cookbook-rb-nmsp-0.0.1-1.el7.rb.x86_64/usr/lib64/rb-nmsp
+ cp -f -r resources/attributes resources/libraries resources/metadata.rb resources/providers resources/recipes resources/resources resources/templates /builddir/build/BUILDROOT/cookbook-rb-nmsp-0.0.1-1.el7.rb.x86_64/var/chef/cookbooks/rb-nmsp/
+ chmod -R 0755 /builddir/build/BUILDROOT/cookbook-rb-nmsp-0.0.1-1.el7.rb.x86_64/var/chef/cookbooks/rb-nmsp
+ install -D -m 0644 README.md /builddir/build/BUILDROOT/cookbook-rb-nmsp-0.0.1-1.el7.rb.x86_64/var/chef/cookbooks/rb-nmsp/README.md
+ /usr/lib/rpm/find-debuginfo.sh --strict-build-id -m --run-dwz --dwz-low-mem-die-limit 10000000 --dwz-max-die-limit 110000000 /builddir/build/BUILD/cookbook-rb-nmsp-0.0.1
/usr/lib/rpm/sepdebugcrcfix: Updated 0 CRC32s, 0 CRC32s did match.
+ /usr/lib/rpm/check-buildroot
+ /usr/lib/rpm/redhat/brp-compress
+ /usr/lib/rpm/redhat/brp-strip-static-archive /usr/bin/strip
+ /usr/lib/rpm/brp-python-bytecompile /usr/bin/python 1
+ /usr/lib/rpm/redhat/brp-python-hardlink
+ /usr/lib/rpm/redhat/brp-java-repack-jars
Processing files: cookbook-rb-nmsp-0.0.1-1.el7.rb.x86_64
warning: %defattr doesn't define directory mode so file mode defined in %defattr is used for directory: /builddir/build/BUILDROOT/cookbook-rb-nmsp-0.0.1-1.el7.rb.x86_64/var/chef/cookbooks/rb-nmsp
warning: %defattr doesn't define directory mode so file mode defined in %defattr is used for directory: /builddir/build/BUILDROOT/cookbook-rb-nmsp-0.0.1-1.el7.rb.x86_64/var/chef/cookbooks/rb-nmsp/attributes
warning: %defattr doesn't define directory mode so file mode defined in %defattr is used for directory: /builddir/build/BUILDROOT/cookbook-rb-nmsp-0.0.1-1.el7.rb.x86_64/var/chef/cookbooks/rb-nmsp/libraries
warning: %defattr doesn't define directory mode so file mode defined in %defattr is used for directory: /builddir/build/BUILDROOT/cookbook-rb-nmsp-0.0.1-1.el7.rb.x86_64/var/chef/cookbooks/rb-nmsp/providers
warning: %defattr doesn't define directory mode so file mode defined in %defattr is used for directory: /builddir/build/BUILDROOT/cookbook-rb-nmsp-0.0.1-1.el7.rb.x86_64/var/chef/cookbooks/rb-nmsp/recipes
warning: %defattr doesn't define directory mode so file mode defined in %defattr is used for directory: /builddir/build/BUILDROOT/cookbook-rb-nmsp-0.0.1-1.el7.rb.x86_64/var/chef/cookbooks/rb-nmsp/resources
warning: %defattr doesn't define directory mode so file mode defined in %defattr is used for directory: /builddir/build/BUILDROOT/cookbook-rb-nmsp-0.0.1-1.el7.rb.x86_64/var/chef/cookbooks/rb-nmsp/templates
warning: %defattr doesn't define directory mode so file mode defined in %defattr is used for directory: /builddir/build/BUILDROOT/cookbook-rb-nmsp-0.0.1-1.el7.rb.x86_64/var/chef/cookbooks/rb-nmsp/templates/default
warning: File listed twice: /var/chef/cookbooks/rb-nmsp/README.md
Provides: cookbook-rb-nmsp = 0.0.1-1.el7.rb cookbook-rb-nmsp(x86-64) = 0.0.1-1.el7.rb
Requires(interp): /bin/sh /bin/sh
Requires(rpmlib): rpmlib(CompressedFileNames) <= 3.0.4-1 rpmlib(FileDigests) <= 4.6.0-1 rpmlib(PayloadFilesHavePrefix) <= 4.0-1
Requires(pre): /bin/sh
Requires(post): /bin/sh
Processing files: cookbook-rb-nmsp-debuginfo-0.0.1-1.el7.rb.x86_64
Provides: cookbook-rb-nmsp-debuginfo = 0.0.1-1.el7.rb cookbook-rb-nmsp-debuginfo(x86-64) = 0.0.1-1.el7.rb
Requires(rpmlib): rpmlib(FileDigests) <= 4.6.0-1 rpmlib(PayloadFilesHavePrefix) <= 4.0-1 rpmlib(CompressedFileNames) <= 3.0.4-1
Checking for unpackaged file(s): /usr/lib/rpm/check-files /builddir/build/BUILDROOT/cookbook-rb-nmsp-0.0.1-1.el7.rb.x86_64
Wrote: /builddir/build/RPMS/cookbook-rb-nmsp-0.0.1-1.el7.rb.x86_64.rpm
Wrote: /builddir/build/RPMS/cookbook-rb-nmsp-debuginfo-0.0.1-1.el7.rb.x86_64.rpm
Executing(%clean): /bin/sh -e /var/tmp/rpm-tmp.W0eYN3
+ umask 022
+ cd /builddir/build/BUILD
+ cd cookbook-rb-nmsp-0.0.1
+ /usr/bin/rm -rf /builddir/build/BUILDROOT/cookbook-rb-nmsp-0.0.1-1.el7.rb.x86_64
+ exit 0
Child return code was: 0
