CPU info:
Architecture:          x86_64
CPU op-mode(s):        32-bit, 64-bit
Byte Order:            Little Endian
CPU(s):                6
On-line CPU(s) list:   0-5
Thread(s) per core:    1
Core(s) per socket:    6
Socket(s):             1
NUMA node(s):          1
Vendor ID:             GenuineIntel
CPU family:            6
Model:                 158
Model name:            Intel(R) Core(TM) i5-8400 CPU @ 2.80GHz
Stepping:              10
CPU MHz:               2799.829
CPU max MHz:           2800.0000
CPU min MHz:           800.0000
BogoMIPS:              5616.00
Virtualization:        VT-x
L1d cache:             32K
L1i cache:             32K
L2 cache:              256K
L3 cache:              9216K
NUMA node0 CPU(s):     0-5
Flags:                 fpu vme de pse tsc msr pae mce cx8 apic sep mtrr pge mca cmov pat pse36 clflush dts acpi mmx fxsr sse sse2 ss ht tm pbe syscall nx pdpe1gb rdtscp lm constant_tsc art arch_perfmon pebs bts rep_good nopl xtopology nonstop_tsc aperfmperf eagerfpu pni pclmulqdq dtes64 monitor ds_cpl vmx est tm2 ssse3 sdbg fma cx16 xtpr pdcm pcid sse4_1 sse4_2 x2apic movbe popcnt tsc_deadline_timer aes xsave avx f16c rdrand lahf_lm abm 3dnowprefetch epb invpcid_single intel_pt ssbd ibrs ibpb stibp tpr_shadow vnmi flexpriority ept vpid fsgsbase tsc_adjust bmi1 avx2 smep bmi2 erms invpcid mpx rdseed adx smap clflushopt xsaveopt xsavec xgetbv1 dtherm arat pln pts hwp hwp_notify hwp_act_window hwp_epp md_clear spec_ctrl intel_stibp flush_l1d


Memory:
              total        used        free      shared  buff/cache   available
Mem:       16120452     5102000     5799496     1583640     5218956     9090996
Swap:       8191996           0     8191996


Storage:
Filesystem                 Size  Used Avail Use% Mounted on
/dev/mapper/centos00-root  111G   12G  100G  11% /
