Failed to create directory /var/lib/mock/sdk7-bootstrap/root//sys/fs/selinux: Read-only file system
Failed to create directory /var/lib/mock/sdk7-bootstrap/root//sys/fs/selinux: Read-only file system
plexus-utils-3.0.9-9.el7.noarch 1402345085 247504 6a76128865f075425043b1d8e2fa5945 installed
gpg-pubkey-352c64e5-52ae6884 1387161732 0 (none) installed
plexus-classworlds-2.4.2-8.el7.noarch 1402343747 66097 decba76c1a6be3bedc471f686d52dfc6 installed
centos-release-7-9.2009.1.el7.centos.x86_64 1606144121 44787 3bd5cfe3f55b8a69ea5e20304ca50b37 installed
objectweb-asm-0:3.3.1-9.el7.noarch 1402375086 435584 fae4292f4403feaf4433ec8da78dfa97 installed
filesystem-3.2-25.el7.x86_64 1523422829 0 93e1c91a2dbd4d3ac61fb70a40a7c228 installed
aether-util-1.13.1-13.el7.noarch 1402385829 133155 35cc44003f6537b54058f6ae94ec74db installed
python-rpm-macros-3-34.el7.noarch 1602605024 4234 9c48c27d0b87e5fcf31da492d4a9125d installed
guava-13.0-6.el7.noarch 1402387013 1912030 3212e5beeb58f75a0e491989a8036d9f installed
ncurses-base-5.9-14.20130511.el7_4.noarch 1504735709 223432 c955fdfe1f8f20b1053a34918e44bd58 installed
httpcomponents-core-4.2.4-6.el7.noarch 1402373973 815054 e7409299e708a4f3ff7be033d7308760 installed
tzdata-2021e-1.el7.noarch 1635334958 2047774 d88f8bd3eb342c0b53e90815a06cc720 installed
aopalliance-0:1.0-8.el7.noarch 1402358201 11809 30a9efa834c16b0ab314b368cc22ec5c installed
glibc-common-2.17-325.el7_9.x86_64 1634149767 226621545 4a10afb337886b74e4d9752a22849c23 installed
apache-commons-lang-2.6-15.el7.noarch 1402383122 320978 ef85f4ef5484a8d3180f994705f9868a installed
nspr-4.32.0-1.el7_9.x86_64 1634166509 287576 a7111908774b57d3d1cba3fef452f0b8 installed
plexus-containers-component-annotations-1.5.5-14.el7.noarch 1402378463 6340 821cb98d8741bfa7f2c9959e5f7d5eae installed
libstdc++-4.8.5-44.el7.x86_64 1601433759 1081666 4bf771ddbb632e6b6da76cc3bd14e425 installed
aether-impl-1.13.1-13.el7.noarch 1402385829 134337 c84fd4bb5069b93d43d69244005a17d9 installed
bash-4.2.46-35.el7_9.x86_64 1637771749 3667724 3effabfcf31212fcf2b1b82c65c37de3 installed
xalan-j2-0:2.7.1-23.el7.noarch 1402366541 2134737 8374892b54a571069cec9acb4a754e1a installed
pcre-8.32-17.el7.x86_64 1501643292 1475532 04a1926cc29eef0f79f8183eb7907024 installed
plexus-component-api-1.0-0.16.alpha15.el7.noarch 1402355420 33078 ca212364a36687384ed2cfdd99c732aa installed
zlib-1.2.7-19.el7_9.x86_64 1612283734 185222 e126ea17601d44553d52f69a8f08f2a5 installed
plexus-interpolation-1.15-8.el7.noarch 1402357906 62606 ea3621af3b3c80e352184ff562753dff installed
bzip2-libs-1.0.6-13.el7.x86_64 1447995892 70093 0486f0b02e0caa4195761266798e7a26 installed
apache-commons-io-1:2.4-12.el7.noarch 1402414624 244069 e7594447366a2c535e385ec7f1ffeecd installed
elfutils-libelf-0.176-5.el7.x86_64 1601569823 916150 c45c186cf049050f6df0210fbbe3ca82 installed
jboss-jaxrpc-1.1-api-1.0.1-7.el7.noarch 1402375691 64981 d235260a379884468a56ef75d8c67237 installed
sed-4.2.2-7.el7.x86_64 1601487357 601267 4523ac99048091e140e598af1d653721 installed
qdox-0:1.12.1-10.el7.noarch 1478359315 196374 7d5ffdcc831f005553219e2fb7bbad60 installed
popt-1.13-16.el7.x86_64 1402373003 88516 87f5d6bac8f205fb14e2072e4b47ce23 installed
junit-0:4.11-8.el7.noarch 1402373366 307062 f40e2e501431efafe65c5a2103fa643b installed
libacl-2.2.51-15.el7.x86_64 1585707377 37064 d3435c79733c964eb141830587d52eb6 installed
plexus-interactivity-0:1.0-0.14.alpha6.el7.noarch 1402363365 19841 16ec4330d3ee60ca19b4e28fa2ed7f60 installed
readline-6.2-11.el7.x86_64 1565266059 460424 f45c914245b90ee8c80c08740ef19837 installed
felix-framework-4.2.1-5.el7.noarch 1402355053 550196 5ff3b12c0d888804c2ddb76731102444 installed
libgcrypt-1.5.3-14.el7.x86_64 1501689307 597727 88c64dc7c3aed6a156e4dee5def38300 installed
javamail-1.4.6-8.el7.noarch 1402368096 1917258 588a3e565991243703475f2578d33293 installed
chkconfig-1.7.6-1.el7.x86_64 1602604010 779655 d118157f4ea930eba79b3875990b1fe7 installed
avalon-logkit-0:2.1-14.el7.noarch 1402392893 98056 f6db72662009c4e453e1a3e7d778ee5c installed
grep-2.20-3.el7.x86_64 1501743524 1195131 92bc957d1c4fc3764e134d8f82544abe installed
avalon-framework-0:4.3-10.el7.noarch 1402392807 108319 c4846500c756d32db7c0535cbe0299bc installed
libuuid-2.23.2-65.el7_9.1.x86_64 1612283515 20278 01d1282604566ddad6b1360861dbcf49 installed
jakarta-commons-httpclient-1:3.1-16.el7_0.noarch 1410195803 376865 2ca05b850ebc11e50e56adfa553f9462 installed
libcom_err-1.42.9-19.el7.x86_64 1601481804 60425 17ce0e8ec66bb2984af53998bde8a4d2 installed
jsch-0:0.1.50-5.el7.noarch 1402347692 254867 3c502a97fba899fdaab0aadb1aaeba54 installed
xz-5.2.2-1.el7.x86_64 1478359687 798130 3e6f05008f7af7931aa8257964527f1a installed
jboss-transaction-1.1-api-1.0.1-8.el7.noarch 1402385749 67194 966def7a86300a457d0d2dfeda02e6d7 installed
gawk-4.0.2-4.el7_3.1.x86_64 1498686770 2435978 5efa8feaeb12d57cda1a9bcd9c8af917 installed
cdi-api-1.0-11.SP4.el7.noarch 1402361319 54719 79db42fd89d20d14e69af9d75557bf9e installed
cpio-2.11-28.el7.x86_64 1602604082 689345 4a25327c4e1ef56cbe9c481943bfebba installed
cal10n-0.7.7-4.el7.noarch 1402367753 42222 e4e86fb2f45f80c2ad06c9d136d9436c installed
libcap-ng-0.7.5-4.el7.x86_64 1448001510 50510 84efa5ca78408f78e606e7c8d1816759 installed
javassist-3.16.1-10.el7.noarch 1402363064 720381 1787a121093e2886987339655b522897 installed
p11-kit-0.23.5-3.el7.x86_64 1501889820 1337825 9a0f49ca3b6d58aeb05780003cae38f1 installed
google-guice-3.1.3-9.el7.noarch 1402393382 764990 500b94c7a671410fadf040ba56374e50 installed
nss-softokn-3.67.0-3.el7_9.x86_64 1634168892 1355710 c6c30e228970381a08ebb8eeb36a7a37 installed
sisu-inject-plexus-2.3.0-11.el7.noarch 1402360383 217827 836961facc57664e0e029872a2f49801 installed
lz4-1.8.3-1.el7.x86_64 1601484911 205463 50e943f036504021a9de980b04f402c1 installed
plexus-containers-container-default-1.5.5-14.el7.noarch 1402378463 221834 a8348c1f91ee0e26782da357d7cd5a90 installed
file-5.11-37.el7.x86_64 1601482103 67368 17bacde6c0399ce011dc390b48fda094 installed
bcel-0:5.2-18.el7.noarch 1402365942 537129 85e3930cdb2478747ffc77b805fa19c3 installed
libmetalink-0.1.3-1.el7.x86_64 1479285242 68600 07743f40947712738f5e827972537bb0 installed
maven-wagon-0:2.4-3.el7.noarch 1402346706 357981 82037061b1a1acc3512ca8cad838365f installed
libassuan-2.1.0-3.el7.x86_64 1402341240 155391 c4c94aadc9da58f576b4ef238d0136cb installed
maven-3.0.5-17.el7.noarch 1478359225 1644108 a1e83fb72dcd7e93e0d1a18348679bc9 installed
patch-2.7.1-12.el7_7.x86_64 1571788780 215353 9a704b9a2dde0e91be95a333d8d12efb installed
perl-parent-1:0.225-244.el7.noarch 1402384520 8141 d902f1a3426caa19ccbccf09263c54f6 installed
perl-podlators-2.5.1-3.el7.noarch 1402343776 287679 8e070dd716e3adf3c297291accaa4348 installed
perl-Pod-Escapes-1:1.04-299.el7_9.noarch 1612284229 21091 f740345d55e41d9a92d1308cb2891ce8 installed
perl-Encode-2.51-7.el7.x86_64 1402368585 10176350 713ce27ff4434807ff7060b333ed8873 installed
perl-Time-HiRes-4:1.9725-3.el7.x86_64 1402343844 94069 43f7c93d02750221738a8c3bc845a1ca installed
perl-Storable-2.45-3.el7.x86_64 1402367398 181031 25787b4b609f3ee50d1c7f33d29e0102 installed
perl-Filter-1.49-3.el7.x86_64 1402353954 148475 66b1205b2eef2a89137e530741ed3710 installed
perl-Time-Local-1.2300-2.el7.noarch 1402342290 44062 8dba0f2d49849dc3990cfc9e91d5ec6b installed
perl-Socket-2.010-5.el7.x86_64 1585713790 114497 978a2da5b65bb1f2b500d0da90e80f8b installed
perl-File-Path-2.09-2.el7.noarch 1402361289 50067 94d54ef6ce6893ae2a4400c4b0ce79b7 installed
perl-PathTools-3.40-5.el7.x86_64 1402373476 174131 c597987071b0f81a0029667e83e1ecae installed
perl-Scalar-List-Utils-1.27-248.el7.x86_64 1402358220 67994 2fb261c150fc06b1a978809c5a9c706e installed
perl-Pod-Simple-1:3.28-4.el7.noarch 1402365613 538320 8e5edeb936a154537062b776eb41cb7d installed
perl-4:5.16.3-299.el7_9.x86_64 1612283772 23556436 99e96640535d2b1b015f48e7e872bebc installed
libdb-utils-5.3.21-25.el7.x86_64 1565309918 322471 75032d455ebe208a62eef3f2b83af865 installed
kmod-libs-20-28.el7.x86_64 1585709895 91800 b5b5262c5f2bc70956eaab42f0b8f1ed installed
bzip2-1.0.6-13.el7.x86_64 1447995892 83791 704f597825711270b0ba2af51bebecae installed
zip-3.0-11.el7.x86_64 1478364595 815173 f49ae6270a053005b67e417123691ca7 installed
libgomp-4.8.5-44.el7.x86_64 1601433759 212144 91a373019a746039e03c07bd6e19c7d0 installed
glibc-devel-2.17-325.el7_9.x86_64 1634149767 1066188 fa4eb1429ebc8f4604597b1f0cf435df installed
libicu-50.2-4.el7_7.x86_64 1584751887 25221945 287ebd4a41ee1de22d8abb4c15f82884 installed
libstdc++-devel-4.8.5-44.el7.x86_64 1601433759 8436804 83a577b67ba3e4fad3eb10c7c19fc381 installed
libsmartcols-2.23.2-65.el7_9.1.x86_64 1612283515 168720 7f82d20c0604f2e1d0a51da90fee5d6e installed
libsemanage-2.5-14.el7.x86_64 1540943073 302329 95dadf0074c4bbd2d63b0c6d5e6922fa installed
libtasn1-4.10-1.el7.x86_64 1501633297 424486 5bd1b0b4094fac08713f986572a8625e installed
ca-certificates-2021.2.50-72.el7_9.noarch 1632384896 922544 1012e2cc0b2f22027a1494a955178756 installed
qrencode-libs-3.4.1-3.el7.x86_64 1402343131 126732 ac1de0c46bc1886e12ea80771951cde2 installed
coreutils-8.22-24.el7_9.2.x86_64 1605565499 14594210 21873db92cb3c945747024de6b034910 installed
krb5-libs-1.15.1-51.el7_9.x86_64 1638459233 2204240 128f1e6e1b97a85d3adc1200ea6d9a38 installed
gzip-1.5-10.el7.x86_64 1523404878 250440 adcb4df7dfe7866e38b5bf42d54d63ae installed
libmount-2.23.2-65.el7_9.1.x86_64 1612283515 278157 fa861327e785c3b2e42c330fb74b65d6 installed
shared-mime-info-1.8-5.el7.x86_64 1585715455 2379876 8c66fe453adb46917cd07e47cf1ba152 installed
shadow-utils-2:4.6-5.el7.x86_64 1565319063 3887289 975b2bbe58a4f03ef8c9b8159b59af7f installed
cracklib-dicts-2.9.0-11.el7.x86_64 1402378933 9389116 da657b0facf181893f9a38437092dbbf installed
libpwquality-1.2.3-5.el7.x86_64 1523419099 332421 e40a69f0a1803dfa3736aba2c8ea1fb4 installed
gcc-4.8.5-44.el7.x86_64 1601433759 39226437 5a93652497b3c8a82e73c2ad1ce4109f installed
python-libs-2.7.5-90.el7.x86_64 1605566852 24714130 6b4863626af86e8e6d293cfdb9b1acc8 installed
libssh2-1.8.0-4.el7.x86_64 1602604454 191488 c3dbc0c6a2d776ee2a6a893d1a5fd7b7 installed
nss-3.67.0-4.el7_9.x86_64 1638565431 2540682 45a43731bcadda407898a399fe83d7e8 installed
nss-tools-3.67.0-4.el7_9.x86_64 1638565431 2261259 492e49cd3b0ad5eb2b6ba8bcf4024d59 installed
curl-7.48.0-1.el7.centos.x86_64 1464951600 574660 8823f4fb2a056d88e2c39758e5662844 installed
rpm-4.11.3-48.el7_9.x86_64 1637771619 2622621 f3842b6f00797306f79cbbdcb333c7e5 installed
libuser-0.60-9.el7.x86_64 1523558694 1952592 8fdd92e668b91208dfd916ebdce8a297 installed
rpm-build-libs-4.11.3-48.el7_9.x86_64 1637771619 166656 e97082bac13288d23367a872bdd0c3fc installed
json-c-0.11-4.el7_0.x86_64 1403612338 65593 62bcb642b82d3b3aeb99ba9ba1b40715 installed
procps-ng-3.3.10-28.el7.x86_64 1601486497 759395 827044eba1dd3f5fd8fbb2ad9911fb06 installed
kpartx-0.4.9-135.el7_9.x86_64 1630421258 41267 b9503c2b5209181465cb3ee1961d552f installed
cryptsetup-libs-2.0.3-6.el7.x86_64 1585707796 1219519 61f488ba5b278e434e4558e750b17127 installed
kmod-20-28.el7.x86_64 1585709895 247868 177062346afeda2c51ce12cb8c20a670 installed
systemd-libs-219-78.el7_9.3.x86_64 1612283762 1262592 b87aa0de6733ff33d3a6263848ffc0b1 installed
systemd-219-78.el7_9.3.x86_64 1612283762 24444082 985b63a566793b8fb52b53b8e0ef900c installed
dbus-1:1.10.24-15.el7.x86_64 1601481306 594463 3040b3d83397504a4a52edc8330edea3 installed
perl-srpm-macros-1-8.el7.noarch 1402343091 794 6bd0791a143b53addc95cbeb050859c8 installed
python2-rpm-macros-3-34.el7.noarch 1602605024 1495 a63357c8193c74d8755175b23da9ce7e installed
rpm-build-4.11.3-48.el7_9.x86_64 1637771619 331384 19ad69316195568dcc72ecb3c163d1a1 installed
gcc-c++-4.8.5-44.el7.x86_64 1601433759 17273811 f93d556507492d88b92cf0e5d293bb3b installed
make-1:3.82-24.el7.x86_64 1565311645 1160660 c05a8addeca9104ca654b2019a664428 installed
libjpeg-turbo-1.2.90-8.el7.x86_64 1565310207 350419 e97a8f8a8945115b68926afe6c6d14c8 installed
freetype-2.8-14.el7_9.1.x86_64 1604671877 824449 476552d2758140a83c8de5e42a3195c5 installed
mesa-libglapi-18.3.4-12.el7_9.x86_64 1605544205 208288 e2dc490f423424fe8a64ca701ad874c6 installed
libglvnd-1:1.0.1-0.8.git5baa1e5.el7.x86_64 1540934644 666456 6641b187badae8ebd191c0e73fc8fa45 installed
libICE-1.0.9-9.el7.x86_64 1501813449 152213 dfa3c8915ac16deedaa578e08748b045 installed
libwayland-server-1.15.0-1.el7.x86_64 1540921077 81084 61bc90fe0aa6792be68e420231fc2572 installed
dejavu-fonts-common-2.33-6.el7.noarch 1402349670 130455 61a93ec3edc83c900c0730e52ac1d1cb installed
fontconfig-2.13.0-4.3.el7.x86_64 1540924461 666475 6db8946075bf52456fa1ab75d05830e0 installed
python-javapackages-3.4.1-11.el7.noarch 1448049786 66505 9bacc7d18c047dd61e7b205f1bcb8b21 installed
tomcat-servlet-3.0-api-0:7.0.76-16.el7_9.noarch 1605545559 257802 9ed1a2b64773da7ac912fad5d40a89a4 installed
jasper-libs-1.900.1-33.el7.x86_64 1540929077 350690 426d4ea10e8e7c3614fb2ce00d457824 installed
xorg-x11-font-utils-1:7.5-21.el7.x86_64 1540918775 361874 5fc7df3b3e1ae496600ac1de86a1a658 installed
libX11-common-1.6.7-4.el7_9.noarch 1630334719 1335662 bc902005458c560e8ea43108958a9305 installed
libtiff-4.0.3-35.el7.x86_64 1602604542 494465 2c3759eb327fd96d59731bfd370b8953 installed
alsa-lib-1.1.8-1.el7.x86_64 1565265666 1433144 f65e2d34863bd31d0d4b1ec4304dbcd0 installed
copy-jdk-configs-3.3-10.el7_5.noarch 1525871601 16264 7027a10264c21f5b904ff16be487103c installed
libwayland-client-1.15.0-1.el7.x86_64 1540921077 64076 0c6b8b38625e1cec4ecba0f23702a86b installed
cups-libs-1:1.6.3-51.el7.x86_64 1601481230 734287 29f86f8d19060d74d10843f09ff8c8de installed
graphite2-1.3.10-1.el7_3.x86_64 1500633633 254548 ac1d0755528ed9fd520d7321bf194d41 installed
hwdata-0.252-9.7.el7.x86_64 1601483532 15118514 cde0e0efc96ddb9ca66826818783b5d5 installed
libdrm-2.4.97-2.el7.x86_64 1565309734 367605 59a91115c18d7ca9a5c52d72968d0f27 installed
libXau-1.0.8-2.1.el7.x86_64 1402361802 55529 042d0ad179921f12e4b33e7123a0142b installed
libX11-1.6.7-4.el7_9.x86_64 1630334719 1325696 99a31895e528d748509fab7d23c4541f installed
libXrender-0.9.10-1.el7.x86_64 1501645710 46979 abaf13bfdc95039bfe3c3f2db139e498 installed
libXi-1.7.9-1.el7.x86_64 1501648299 70019 9801d7674c51b5de5fc926702853c7fb installed
libXcomposite-0.4.4-4.1.el7.x86_64 1402344296 35184 43ff7c9b707c42cfe3723220ca5d31de installed
gtk-update-icon-cache-3.22.30-6.el7.x86_64 1605543681 59806 3b85cc45aaebb9a683bde0a87eddd487 installed
libXcursor-1.1.15-1.el7.x86_64 1540917537 47039 4820a6e82a10283c5d0847f37c189363 installed
libXrandr-1.5.1-2.el7.x86_64 1501647977 48626 08ffc02cefbf48f4e52f7a6ac4f8dc24 installed
libglvnd-glx-1:1.0.1-0.8.git5baa1e5.el7.x86_64 1540934644 657304 196e956024a79b196c8ab662badf9371 installed
libXinerama-1.1.3-2.1.el7.x86_64 1402381520 14967 114ac67c20604dce0339038e2e34b193 installed
libglvnd-egl-1:1.0.1-0.8.git5baa1e5.el7.x86_64 1540934644 84096 d5065f9c6151d7df91ee0049843b7f67 installed
pcsc-lite-libs-1.8.8-8.el7.x86_64 1540919590 46708 20ea86c68a20f01f498ba7f7811f3a59 installed
cairo-1.15.12-4.el7.x86_64 1565305422 1894404 c639611daab17902688dbdf32db56de6 installed
gtk2-2.24.31-1.el7.x86_64 1501653192 13494501 c77e31729af1a79df088cc9ec6817db1 installed
tzdata-java-2021e-1.el7.noarch 1635334958 370574 0624ec23fc98a9231623d2ba5f2cb222 installed
java-1.8.0-openjdk-1:1.8.0.312.b07-1.el7_9.x86_64 1635339416 661711 645f243eeaf199333f3ab1745aad37d6 installed
gpg-pubkey-f4a80eb5-53a7ff4b 1403518795 0 (none) installed
aether-api-1.13.1-13.el7.noarch 1402385829 117115 ad8ae46224a75efd5673b813c587004c installed
libgcc-4.8.5-44.el7.x86_64 1601433759 179272 e4efbc19aadbde022dd8a1eb4b585087 installed
xml-commons-apis-1.4.01-16.el7.noarch 1402385163 337446 71aca0c369c3e5edd91e6df9da24d7f0 installed
setup-2.8.71-11.el7.noarch 1585715374 697141 ea06d9c1b2cf1331a82dac83e55e0b60 installed
aether-spi-1.13.1-13.el7.noarch 1402385829 18237 5c8b2632ee6f0ebb3725d0ae50e4452f installed
python-srpm-macros-3-34.el7.noarch 1602605024 3838 99875f6f333850216863f7d91cf485ea installed
apache-commons-codec-1.8-7.el7.noarch 1402367800 293554 e111a61c500b4423908ceff43721c240 installed
basesystem-10.0-7.el7.centos.noarch 1403865430 0 778eb3d19a934f42d1354ed795d06b4f installed
atinject-1-13.20100611svn86.el7.noarch 1402368469 19310 9bb7a05cbad3e11f3d4121104fd3c972 installed
kernel-headers-3.10.0-1160.49.1.el7.x86_64 1638288520 3946900 19f93cd18c9605366cc94f2cb9f8529b installed
cglib-2.2-18.el7.noarch 1402386828 292688 8ed381127fbc367073cda228948426a3 installed
nss-softokn-freebl-3.67.0-3.el7_9.x86_64 1634168892 787604 a13930f8d32b888943688a7654d9e484 installed
geronimo-jms-1.1.1-19.el7.noarch 1402370775 43760 4aec525f1519990f7eb7471bf175d036 installed
glibc-2.17-325.el7_9.x86_64 1634149767 14100946 bedba5a691125b68f3c4ddbe8add2948 installed
plexus-cipher-1.7-5.el7.noarch 1402378221 30243 74ad34289e243c28872aae10bf29113c installed
nss-util-3.67.0-1.el7_9.x86_64 1634166815 198992 4fe394390e4f5e705aa7116c1354f629 installed
plexus-sec-dispatcher-1.4-13.el7.noarch 1402356800 31808 6e24c8336b174744e58368709589f528 installed
ncurses-libs-5.9-14.20130511.el7_4.x86_64 1504735709 1028216 bba677eda5184b5127b7817d2c1dec12 installed
xml-commons-resolver-0:1.2-15.el7.noarch 1402360247 122713 1baf135bda11765d2928f569a16dc3c1 installed
libsepol-2.5-10.el7.x86_64 1540935375 686640 cb2c225685a559d68fdb0e07f9b488a2 installed
xerces-j2-2.11.0-17.el7_0.noarch 1412069741 1368144 9187b4410c4cc7d9a0e8e7ee07b1b63b installed
libselinux-2.5-15.el7.x86_64 1585711002 217762 939b030e19f37ea46c0cdda66748fb04 installed
jsoup-1.6.1-10.el7.noarch 1402390206 303691 aa1001da438cf93cb41faa33b54749d7 installed
info-5.1-5.el7.x86_64 1523408616 494630 e1f75e40cf956ed3efe7b49c5f6939ec installed
java-1.8.0-openjdk-devel-1:1.8.0.312.b07-1.el7_9.x86_64 1635339416 42416136 b3b25eb598df9e466ceec32beecddf31 installed
xz-libs-5.2.2-1.el7.x86_64 1478359687 239967 7701c542dc8fcd5a38ee52e8786d7cf4 installed
jboss-servlet-3.0-api-1.0.1-9.el7.noarch 1402359867 107049 0c608d92943086964c40c08f425ff894 installed
libdb-5.3.21-25.el7.x86_64 1565309918 1858144 1be9acf59aae36003d65af028af67ebf installed
easymock2-2.5.2-12.el7.noarch 1402365206 114116 13f10884e3ee385c88c3814ef168325e installed
gmp-1:6.0.0-15.el7.x86_64 1501722795 657046 4cd60ebf94766a46c590e17036ece777 installed
hamcrest-0:1.3-6.el7.noarch 1402390745 260718 09a27056ecadf96b00aec666fd2a08f7 installed
libattr-2.4.46-13.el7.x86_64 1523407244 19896 209b05c7b77a33a4cc176077945833e8 installed
jline-1.0-8.el7.noarch 1402393286 73632 a0f03a960b3831a5cc2e73db759a8a40 installed
libcap-2.22-11.el7.x86_64 1585710513 107365 49e9db222f10b2e400a1736eb13270c6 installed
jboss-el-2.2-api-1.0.1-0.7.20120212git2fabd8.el7.noarch 1402353662 57520 45af0737feee98dc6fb1447b0e9acd5a installed
libgpg-error-1.12-3.el7.x86_64 1402390008 350865 a3933d4ce43c07fa9305e8765d78d099 installed
jboss-interceptors-1.1-api-1.0.2-0.9.20120319git49a904.el7.noarch 1402355874 40853 1b593528ef72f76f6666776bdb0078f5 installed
lua-5.1.4-15.el7.x86_64 1478400455 640319 d5973eb7ca2bb665f5fbb7141f2e27a3 installed
log4j-0:1.2.17-17.el7_4.noarch 1640108636 518318 ae1c78e99fae249858f86144fab6c864 installed
mpfr-3.1.1-4.el7.x86_64 1402362714 554279 4cedb227fd4730529b0874792007692b installed
apache-commons-logging-1.1.2-7.el7.noarch 1402354155 185120 e0eb6159014707cefa1185ca80a1aa1d installed
libffi-3.0.13-19.el7.x86_64 1585710522 47790 61429cfa793f438e1a1ee6f71fdfd1f0 installed
httpcomponents-client-4.2.5-5.el7_0.noarch 1409772622 557309 4d27f8e9fbdecae08d89a1557728c1a5 installed
expat-2.1.0-12.el7.x86_64 1601481926 208323 71f48731582896eb99bf2bf5221d9915 installed
jzlib-0:1.1.1-6.el7.noarch 1402355251 72853 1262e8ebf743be1e4ba3ff490e946bd2 installed
libmpc-1.0.1-3.el7.x86_64 1402343098 113833 835abbe42dbf1e0f94d227d54c01f483 installed
geronimo-annotation-1.0-15.el7.noarch 1402387218 33900 d996ed4dcfab1a5ddd93f74815f7716e installed
findutils-1:4.5.11-6.el7.x86_64 1540917834 1855882 162b03172dee0f90443197d424bc9be0 installed
jboss-ejb-3.1-api-1.0.2-10.el7.noarch 1402343552 76832 604dc03a1fbfbbe5712db61188427893 installed
diffutils-3.3-5.el7.x86_64 1565305900 1065607 afe3eb85e5b7d459bf99dd4dae0863c9 installed
apache-commons-cli-1.2-13.el7.noarch 1402345527 65080 876fd162917c22232aa5b2ff0bc18b69 installed
file-libs-5.11-37.el7.x86_64 1601482103 3076741 0919ae038ea6cea885f1643c0f876664 installed
apache-commons-net-3.2-8.el7.centos.noarch 1402366925 310720 53c3b95246829619dc50650a77c26bd5 installed
audit-libs-2.8.5-4.el7.x86_64 1565265980 256386 9d116ad6305cd827bdca472b2add8932 installed
slf4j-0:1.7.4-4.el7_4.noarch 1522167145 237469 40dd8aed4196d25ddd21aff19a5aba8e installed
sqlite-3.7.17-8.el7_7.1.x86_64 1580221787 814303 d1a1160f175ba0a0c58b28273b50e8a1 installed
sisu-inject-bean-2.3.0-11.el7.noarch 1402360383 216149 312ab3965b3d2ac8896c770048e04c1c installed
tar-2:1.26-35.el7.x86_64 1540931349 2838510 28f3087e5b512d8cc05e3a8a65727686 installed
xbean-3.13-6.el7.noarch 1402366751 462615 642ec6a454cd54ce98da3de3ed363714 installed
gdbm-1.10-8.el7.x86_64 1402349948 184322 770bd49f3898dc1cc831fb9ec12d569a installed
regexp-0:1.5-13.el7.noarch 1402376013 47807 4f5df83f7e31efd3420d27f79835fbf9 installed
cpp-4.8.5-44.el7.x86_64 1601433759 15636565 fc9fb686c38a12f3ea1a8a1558684fa6 installed
nekohtml-0:1.9.14-13.el7.noarch 1402350772 260323 407a87429305ba79594d91253993ec99 installed
pinentry-0.8.1-17.el7.x86_64 1478360967 159929 740fabe008451f11fee22ff086fb13d3 installed
aether-connector-wagon-1.13.1-13.el7.noarch 1402385829 35727 92a86611f88df827341b22c431ef5f5c installed
acl-2.2.51-15.el7.x86_64 1585707377 201209 ca945ffcb793aa5f88ce8a2b9ba82753 installed
groff-base-1.22.2-8.el7.x86_64 1402345046 3453946 591d2a12420abc9fa9934414fc0987f4 installed
perl-HTTP-Tiny-0.033-3.el7.noarch 1402347217 97210 6133c7c1aee2bfeee269de4592b25884 installed
perl-Pod-Perldoc-3.20-4.el7.noarch 1402388270 166910 29a8a33b24ddf4e0e95ad8d2484cc277 installed
perl-Text-ParseWords-3.29-4.el7.noarch 1402348486 16431 58a96328cb0e6dd435d15af542467a38 installed
perl-Pod-Usage-1.63-3.el7.noarch 1402390579 44671 1db34851ba13011739022f031438e15c installed
perl-threads-1.87-4.el7.x86_64 1402377734 98615 29739d2f766c8bd85e85de9f8ccb7367 installed
perl-Carp-1.26-244.el7.noarch 1402362759 28276 0f9ffc1d8836311235869048667422e9 installed
perl-Exporter-5.68-3.el7.noarch 1402373350 56612 d6e7deb74b149e4b7aa23a998a127bb4 installed
perl-constant-1.27-2.el7.noarch 1402368682 26364 f3ecfa1ce48e13496322e341a3f0b72c installed
perl-macros-4:5.16.3-299.el7_9.x86_64 1612283772 5134 cc56a8cb39fd2f5c9c4e48489362539b installed
perl-File-Temp-0.23.01-3.el7.noarch 1402383789 158781 396b0a1af3a203e1cb33c98814d5a6d8 installed
perl-threads-shared-1.43-6.el7.x86_64 1402380447 73972 cd3e1ec9dfe8b5e9121fcd53b41aa197 installed
perl-libs-4:5.16.3-299.el7_9.x86_64 1612283772 1647320 bac9a80208be808863c4025a5eabd9da installed
perl-Getopt-Long-2.40-3.el7.noarch 1523406856 134846 e4fc3f2fed36897ae178ecd5d9475217 installed
perl-Thread-Queue-3.02-2.el7.noarch 1402347633 27642 29d052232cb1b86133bd838739672a15 installed
dwz-0.11-3.el7.x86_64 1402363547 225103 28a047bc76d0ad80e6938a94898129ca installed
libxml2-2.9.1-6.el7_9.6.x86_64 1634832935 1706142 f6b4d8cf5482c93969ce37ee33cf209c installed
unzip-6.0-22.el7_9.x86_64 1623255342 374034 df17b850d7da3f317a2b9cbeadfe9608 installed
libidn-1.28-4.el7.x86_64 1448125248 630407 3d582106ac1032c59c1cd4236e5d6415 installed
glibc-headers-2.17-325.el7_9.x86_64 1634149767 2342563 1f51c28f3cbf5a77905f67f3732cce7b installed
ncurses-5.9-14.20130511.el7_4.x86_64 1504735709 439378 8ca93e2831102818759a22e22e871268 installed
libpsl-0.7.0-1.el7.x86_64 1423824002 493071 3fd8b5c33e51303149cd9b03efd5d8ee installed
pth-2.0.7-23.el7.x86_64 1448007112 267851 2d6939b73767d0f96b02677bcbeef2e2 installed
ustr-1.0.4-16.el7.x86_64 1402344766 285943 58bb2ebb64b048e24a4c7d5d51170f55 installed
libverto-0.2.5-4.el7.x86_64 1402386261 23060 341bae036f22ce087486f4d9e180caee installed
p11-kit-trust-0.23.5-3.el7.x86_64 1501889820 437261 2dc2f7ab212401098e8821ce23f21741 installed
hardlink-1:1.0-19.el7.x86_64 1402381564 16545 3a1bcd8e12bbdbced75d74b5919a039a installed
keyutils-libs-1.5.8-3.el7.x86_64 1402366675 42138 e31fa37a714787d3d72e0a9316c3a85b installed
openssl-libs-1:1.0.2k-22.el7_9.x86_64 1634214730 3208868 e867a06b45c2ea53543d7a10099acd8d installed
libblkid-2.23.2-65.el7_9.1.x86_64 1612283515 265925 86fcddd4998b8a8559299d9e1ab02424 installed
cracklib-2.9.0-11.el7.x86_64 1402378933 209610 a973d883d6785904e49266428bb3ed90 installed
glib2-2.56.1-9.el7_9.x86_64 1623255133 12174105 580cf60d7017ca850ce749d5e9596352 installed
binutils-2.27-44.base.el7_9.1.x86_64 1635781157 25181976 0a3a905d4a30196a3967f9466893c33e installed
pkgconfig-1:0.27.1-4.el7.x86_64 1402351548 105522 ef58117c9c617599952c0642ff5e8d00 installed
pam-1.1.8-23.el7.x86_64 1585713659 2632373 4a759efcb0060afe29709c051707f971 installed
libutempter-1.1.6-4.el7.x86_64 1402365826 49749 8e28747e6a84b84af7d78c84cd8cd5e8 installed
cyrus-sasl-lib-2.1.26-23.el7.x86_64 1523420459 396911 6d06f1337b143c25bc7358255d433006 installed
gdb-7.6.1-120.el7.x86_64 1601482700 7375630 d972171eeec1e05c2ec958c5afd2581b installed
nss-pem-1.0.3-7.el7.x86_64 1565313390 205531 fcbeb88a2197423614ddfab41ef55cbe installed
nss-sysinit-3.67.0-4.el7_9.x86_64 1638565431 14111 b59c94bdfa38f55047ae81f338e4418b installed
libcurl-7.48.0-1.el7.centos.x86_64 1464951600 495064 3639d9c8176c7a49b09d3d5d932108b9 installed
rpm-libs-4.11.3-48.el7_9.x86_64 1637771619 615464 4795540bb6e6f1c4934f029445c7b5b2 installed
openldap-2.4.44-24.el7_9.x86_64 1630421394 1037056 15362ab100422d2dabd8a0947f41e77b installed
gnupg2-2.0.22-5.el7_5.x86_64 1531487214 6637796 a293dfefd6596bfe5c54ba68377e334e installed
lua-srpm-macros-1-3.el7.noarch 1611533345 1314 4d962a561794a942e74dc9596ae8c5e8 installed
util-linux-2.23.2-65.el7_9.1.x86_64 1612283515 8482896 aca5cd217dc2c0d39ef1914719f72d16 installed
device-mapper-7:1.02.170-6.el7_9.5.x86_64 1619616727 342456 511318eae506189450b1e14c1e62ebd4 installed
device-mapper-libs-7:1.02.170-6.el7_9.5.x86_64 1619616727 404687 df29966875882d5da1d7687d4a742d1b installed
dracut-033-572.el7.x86_64 1601481479 905396 d90b9b6b8f6783d83d5e2d1b09a8f632 installed
elfutils-libs-0.176-5.el7.x86_64 1601569823 808799 32fa25ce22d3a56e1459cd0592b81562 installed
dbus-libs-1:1.10.24-15.el7.x86_64 1601481306 362600 58e455028fbb88b7b18f4cfdc4b24514 installed
elfutils-default-yama-scope-0.176-5.el7.noarch 1601569823 1810 e7ff84b810bf4bb547c3d1bad7a43243 installed
elfutils-0.176-5.el7.x86_64 1601569823 835489 f43d86682eaa591b6e61b436c3a2b3fa installed
redhat-rpm-config-9.1.0-88.el7.centos.noarch 1565130322 174572 39bd397ca4fd5470144024e5e7531bd1 installed
epel-rpm-macros-7-33.noarch 1630523229 30489 f3979e4426b7a5d8d07101470f5ee5ed installed
net-tools-2.0-0.25.20131004git.el7.x86_64 1565313026 938978 e4587762ece6e2f4b05e72bd02d6ef0f installed
which-2.20-7.el7.x86_64 1402367122 76962 5b0eff1739daa46a80e9908f39167c29 installed
epel-release-7-14.noarch 1630777123 25728 33901cab6e24d7340d9047161a5d95b0 installed
libpng-2:1.5.13-8.el7.x86_64 1602604338 616133 10be3baa53da2a0cc048662b850d17a3 installed
python-2.7.5-90.el7.x86_64 1605566852 80835 46c2a5d1532c506f6e9bdcd1388e887d installed
libxslt-1.1.28-6.el7.x86_64 1601485039 497694 d90e4b230a21130bbe076a0554f2dde1 installed
fontpackages-filesystem-1.44-8.el7.noarch 1402367660 0 dbc95bc0a2568eb82f59c004462d90ab installed
libxshmfence-1.2-1.el7.x86_64 1447992547 11160 a4d00670969adcf52e88026b2605d5a8 installed
libSM-1.2.2-2.el7.x86_64 1448003075 81546 4dfa7c7907174b7354c740d44dba2f8d installed
dejavu-sans-fonts-2.33-6.el7.noarch 1402349670 5395167 1e16e93e08e0bf32696b98a4ede090d0 installed
python-lxml-3.2.1-4.el7.x86_64 1402380450 2722705 551e22015379cdc27348499a00a3c7ca installed
javapackages-tools-3.4.1-11.el7.noarch 1448049786 160151 e9320fd84907047334534191b1829353 installed
ttmkfdir-3.0.9-42.el7.x86_64 1448009161 105418 2560840e51852145eaf4c4fd7837f338 installed
libfontenc-1.1.3-3.el7.x86_64 1501647039 55701 1473960449a5d9ef0cc86d67bc47dff2 installed
xorg-x11-fonts-Type1-7.5-9.el7.noarch 1402369177 883992 1be2bbefd0ff0dad1e2d72bd3c1d1075 installed
jbigkit-libs-2.0-11.el7.x86_64 1402392685 105882 1ed20c50fdc4614601403474e8240db8 installed
libthai-0.1.14-9.el7.x86_64 1403024898 704340 50db030da1664a77725f711a80a68299 installed
fribidi-1.0.2-1.el7_7.1.x86_64 1577115584 309751 c2ae48ae2978dba98308b6c4cebda74d installed
hicolor-icon-theme-0.12-7.el7.noarch 1402370196 45788 54567528a0e83e823d9792db7121f73e installed
avahi-libs-0.6.31-20.el7.x86_64 1585707485 123816 17ccf9c99f6098f9b540c083df06bc60 installed
atk-2.28.1-2.el7.x86_64 1585707368 1273714 9af29686b4352cd94be3a76e55eb222c installed
harfbuzz-1.7.5-2.el7.x86_64 1540922811 709362 bb9904035f958cfff8a59f4e79ffeaa0 installed
libpciaccess-0.14-1.el7.x86_64 1523413923 45649 b980f4a133f488a872fea9465d6039ed installed
mesa-libgbm-18.3.4-12.el7_9.x86_64 1605544205 58336 0abb6985d7c140bcb7ddaade15d9990d installed
libxcb-1.13-1.el7.x86_64 1540917672 1011680 923a4fbb3fc66c81699e3c0354c2f8d2 installed
libXext-1.3.3-3.el7.x86_64 1448003987 87102 fa7e50dec56e01bbe4d33adaec446c9c installed
libXfixes-5.0.3-1.el7.x86_64 1501645920 26903 f7535a332d39d22e1853767cb29c38b7 installed
libXdamage-1.1.4-4.1.el7.x86_64 1402360712 29688 22c8af639cb4ad5be38747dce56a632b installed
gdk-pixbuf2-2.36.12-3.el7.x86_64 1540936220 2927994 bb7dabe82de2f808be2e1c12c260d669 installed
libXtst-1.2.3-1.el7.x86_64 1501649124 29938 fa9186e0d600312861a3230199657845 installed
libXft-2.3.2-2.el7.x86_64 1448004042 125933 dd826dcfb492ed42a1d822c74eec0195 installed
libXxf86vm-1.1.4-1.el7.x86_64 1501646601 25680 cf59e013b0def500ab01ceffff473372 installed
mesa-libGL-18.3.4-12.el7_9.x86_64 1605544205 502120 2a6b33649809e663753b35928fa2119e installed
giflib-4.1.6-9.el7.x86_64 1402343478 90124 eb75dac60250315a841f867a62fb741a installed
mesa-libEGL-18.3.4-12.el7_9.x86_64 1605544205 249345 fc65a62d9811a435451167c71459b348 installed
pixman-0.34.0-1.el7.x86_64 1478364953 698744 4e6af972d04a88512ba81d3d303f05be installed
pango-1.42.4-4.el7_7.x86_64 1568397799 754903 c6f10144d673284d94fd5dd42ba6ca38 installed
lksctp-tools-1.0.17-2.el7.x86_64 1478376520 232487 335ef58f575dc5fd412a3514e39dd5c3 installed
java-1.8.0-openjdk-headless-1:1.8.0.312.b07-1.el7_9.x86_64 1635339416 115716213 55088d0cf65e57f7d15f2f31f09c95a3 installed
